<?xml version="1.0" encoding="UTF-8"?>
<!-- Generated by org.testng.reporters.JUnitReportReporter -->
<testsuite skipped="0" hostname="33IT6FL23404W1" name="TestFramework.BookUnit" tests="3" failures="0" timestamp="07 Mar 2019 10:14:33 GMT" time="4.450" errors="0">
  <testcase name="noUnit" time="0.559" classname="TestFramework.BookUnit"/>
  <testcase name="bookUnit" time="0.545" classname="TestFramework.BookUnit"/>
  <testcase name="bookNotUnit" time="3.346" classname="TestFramework.BookUnit"/>
</testsuite> <!-- TestFramework.BookUnit -->
