<?xml version="1.0" encoding="UTF-8"?>
<!-- Generated by org.testng.reporters.JUnitReportReporter -->
<testsuite skipped="0" hostname="33IT6FL23404W1" name="TestFramework.RefreshToken" tests="1" failures="0" timestamp="07 Mar 2019 10:14:33 GMT" time="0.411" errors="0">
  <testcase name="refreshToken" time="0.411" classname="TestFramework.RefreshToken"/>
</testsuite> <!-- TestFramework.RefreshToken -->
