<?xml version="1.0" encoding="UTF-8"?>
<!-- Generated by org.testng.reporters.JUnitReportReporter -->
<testsuite skipped="0" hostname="33IT6FL23404W1" name="TestFramework.ListUnits" tests="2" failures="0" timestamp="07 Mar 2019 13:19:28 GMT" time="0.368" errors="0">
  <testcase name="listUnits" time="0.326" classname="TestFramework.ListUnits"/>
  <testcase name="listUnitsNoAuth" time="0.042" classname="TestFramework.ListUnits"/>
</testsuite> <!-- TestFramework.ListUnits -->
