<?xml version="1.0" encoding="UTF-8"?>
<!-- Generated by org.testng.reporters.JUnitReportReporter -->
<testsuite skipped="0" hostname="33IT6FL23404W1" name="TestFramework.Login" tests="1" failures="0" timestamp="07 Mar 2019 13:19:27 GMT" time="0.041" errors="0">
  <testcase name="loginfake" time="0.041" classname="TestFramework.Login"/>
</testsuite> <!-- TestFramework.Login -->
