<?xml version="1.0" encoding="UTF-8"?>
<!-- Generated by org.testng.reporters.JUnitReportReporter -->
<testsuite skipped="0" hostname="33IT6FL23404W1" name="TestFramework.BookUnit" tests="3" failures="0" timestamp="07 Mar 2019 13:19:28 GMT" time="4.361" errors="0">
  <testcase name="bookUnit" time="0.546" classname="TestFramework.BookUnit"/>
  <testcase name="bookNotUnit" time="3.269" classname="TestFramework.BookUnit"/>
  <testcase name="noUnit" time="0.546" classname="TestFramework.BookUnit"/>
</testsuite> <!-- TestFramework.BookUnit -->
