<?xml version="1.0" encoding="UTF-8"?>
<!-- Generated by org.testng.reporters.JUnitReportReporter -->
<testsuite skipped="0" hostname="33IT6FL23404W1" name="TestFramework.GetUnit" tests="3" failures="0" timestamp="07 Mar 2019 13:19:28 GMT" time="1.523" errors="0">
  <testcase name="getUnit" time="0.613" classname="TestFramework.GetUnit"/>
  <testcase name="getNoUnit" time="0.374" classname="TestFramework.GetUnit"/>
  <testcase name="getfakeUnit" time="0.536" classname="TestFramework.GetUnit"/>
</testsuite> <!-- TestFramework.GetUnit -->
